<?xml version="1.0" encoding="UTF-8"?>
<!-- Generated by org.testng.reporters.JUnitReportReporter -->
<testsuite hostname="DESKTOP-UCEN89R" failures="0" tests="3" name="tests.Sheet1" time="10.264" errors="0" timestamp="2024-03-09T20:33:40 EET" skipped="0">
  <testcase classname="tests.Sheet1" name="negativeTest" time="3.148"/>
  <system-out/>
  <testcase classname="tests.Sheet1" name="negativeTest" time="3.127"/>
  <system-out/>
  <testcase classname="tests.Sheet1" name="negativeTest" time="3.989"/>
  <system-out/>
</testsuite> <!-- tests.Sheet1 -->
